Determining if the pthread_create exist failed with the following output:
Change Dir: /home/jtyler/catkin_ws/build/CMakeFiles/CMakeTmp

Run Build Command:"/usr/bin/make" "cmTC_339cd/fast"
/usr/bin/make -f CMakeFiles/cmTC_339cd.dir/build.make CMakeFiles/cmTC_339cd.dir/build
make[1]: Entering directory '/home/jtyler/catkin_ws/build/CMakeFiles/CMakeTmp'
Building C object CMakeFiles/cmTC_339cd.dir/CheckSymbolExists.c.o
/usr/bin/cc    -o CMakeFiles/cmTC_339cd.dir/CheckSymbolExists.c.o   -c /home/jtyler/catkin_ws/build/CMakeFiles/CMakeTmp/CheckSymbolExists.c
Linking C executable cmTC_339cd
/usr/bin/cmake -E cmake_link_script CMakeFiles/cmTC_339cd.dir/link.txt --verbose=1
/usr/bin/cc      -rdynamic CMakeFiles/cmTC_339cd.dir/CheckSymbolExists.c.o  -o cmTC_339cd 
CMakeFiles/cmTC_339cd.dir/CheckSymbolExists.c.o: In function `main':
CheckSymbolExists.c:(.text+0x1b): undefined reference to `pthread_create'
collect2: error: ld returned 1 exit status
CMakeFiles/cmTC_339cd.dir/build.make:97: recipe for target 'cmTC_339cd' failed
make[1]: *** [cmTC_339cd] Error 1
make[1]: Leaving directory '/home/jtyler/catkin_ws/build/CMakeFiles/CMakeTmp'
Makefile:126: recipe for target 'cmTC_339cd/fast' failed
make: *** [cmTC_339cd/fast] Error 2

File /home/jtyler/catkin_ws/build/CMakeFiles/CMakeTmp/CheckSymbolExists.c:
/* */
#include <pthread.h>

int main(int argc, char** argv)
{
  (void)argv;
#ifndef pthread_create
  return ((int*)(&pthread_create))[argc];
#else
  (void)argc;
  return 0;
#endif
}

Determining if the function pthread_create exists in the pthreads failed with the following output:
Change Dir: /home/jtyler/catkin_ws/build/CMakeFiles/CMakeTmp

Run Build Command:"/usr/bin/make" "cmTC_17245/fast"
/usr/bin/make -f CMakeFiles/cmTC_17245.dir/build.make CMakeFiles/cmTC_17245.dir/build
make[1]: Entering directory '/home/jtyler/catkin_ws/build/CMakeFiles/CMakeTmp'
Building C object CMakeFiles/cmTC_17245.dir/CheckFunctionExists.c.o
/usr/bin/cc   -DCHECK_FUNCTION_EXISTS=pthread_create   -o CMakeFiles/cmTC_17245.dir/CheckFunctionExists.c.o   -c /usr/share/cmake-3.10/Modules/CheckFunctionExists.c
Linking C executable cmTC_17245
/usr/bin/cmake -E cmake_link_script CMakeFiles/cmTC_17245.dir/link.txt --verbose=1
/usr/bin/cc  -DCHECK_FUNCTION_EXISTS=pthread_create    -rdynamic CMakeFiles/cmTC_17245.dir/CheckFunctionExists.c.o  -o cmTC_17245 -lpthreads 
/usr/bin/ld: cannot find -lpthreads
collect2: error: ld returned 1 exit status
CMakeFiles/cmTC_17245.dir/build.make:97: recipe for target 'cmTC_17245' failed
make[1]: *** [cmTC_17245] Error 1
make[1]: Leaving directory '/home/jtyler/catkin_ws/build/CMakeFiles/CMakeTmp'
Makefile:126: recipe for target 'cmTC_17245/fast' failed
make: *** [cmTC_17245/fast] Error 2


